\BOOKMARK [1][-]{section.1}{Rev. Din\342mica}{}% 1
\BOOKMARK [2][-]{subsection.1.1}{Cin\351tica Plana de Corpos R\355gidos}{section.1}% 2
\BOOKMARK [3][-]{subsubsection.1.1.1}{Intro}{subsection.1.1}% 3
\BOOKMARK [3][-]{subsubsection.1.1.2}{Eq. Gerais do Mov.}{subsection.1.1}% 4
\BOOKMARK [3][-]{subsubsection.1.1.3}{Eq. Alternativa do Momento}{subsection.1.1}% 5
\BOOKMARK [3][-]{subsubsection.1.1.4}{Sis. de Corps. Interligados}{subsection.1.1}% 6
\BOOKMARK [3][-]{subsubsection.1.1.5}{Aplica\347\343o}{subsection.1.1}% 7
\BOOKMARK [1][-]{section.2}{Introdu\347\343o \340 Vibra\347\365es}{}% 8
\BOOKMARK [1][-]{section.3}{Vibra\347\365es livres n\343o Amortecidas - 1 DOF}{}% 9
\BOOKMARK [2][-]{subsection.3.1}{Sistema Massa-Mola}{section.3}% 10
\BOOKMARK [2][-]{subsection.3.2}{Molas Equivalentes}{section.3}% 11
\BOOKMARK [2][-]{subsection.3.3}{Sistema Torcional}{section.3}% 12
\BOOKMARK [1][-]{section.4}{Vibra\347\365es Livres de Sistemas de 1 DOF com Amortecimento}{}% 13
\BOOKMARK [2][-]{subsection.4.1}{Introdu\347\343o}{section.4}% 14
\BOOKMARK [2][-]{subsection.4.2}{Classifica\347\343o de Sistemas Amortecidos}{section.4}% 15
\BOOKMARK [3][-]{subsubsection.4.2.1}{Sistema Sub-Amortecido}{subsection.4.2}% 16
\BOOKMARK [3][-]{subsubsection.4.2.2}{Sistema Criticamente-Amortecido}{subsection.4.2}% 17
\BOOKMARK [3][-]{subsubsection.4.2.3}{Sistema Super-Amortecido}{subsection.4.2}% 18
\BOOKMARK [1][-]{section.5}{Vibra\347\365es For\347adas de Sistemas de 1 DOF sem Amortecimento - Excita\347\343o Harm\364nica}{}% 19
\BOOKMARK [2][-]{subsection.5.1}{Equacionamento}{section.5}% 20
\BOOKMARK [2][-]{subsection.5.2}{An\341lise da Resposta}{section.5}% 21
\BOOKMARK [1][-]{section.6}{Vibra\347\365es For\347adas de Sistemas de 1 DOF com Amortecimento - Excita\347\343o Harm\364nica}{}% 22
\BOOKMARK [1][-]{section.7}{Desbalanceamento Rotativo}{}% 23
\BOOKMARK [1][-]{section.8}{Transmissibilidade}{}% 24
